<?xml version="1.0" encoding="UTF-8"?>
<!-- Generated by org.testng.reporters.JUnitReportReporter -->
<testsuite skipped="0" hostname="DESKTOP-DO88E6L" name="com.qa.hs.test.LoginTest" tests="1" failures="0" timestamp="2020-10-09T21:07:52 IST" time="0.766" errors="0">
  <testcase name="loginTest" time="0.766" classname="com.qa.hs.test.LoginTest"/>
  <system-out/>
</testsuite> <!-- com.qa.hs.test.LoginTest -->
